<?xml version="1.0" encoding="UTF-8"?>
<robot generator="Robot 7.2.2 (Python 3.13.2 on win32)" generated="2025-03-07T12:47:47.773674" rpa="false" schemaversion="5">
<suite id="s1" name="demositeAutomation" source="D:\Robot Framework\UI_automation\demoTestAutomation\demositeAutomation.robot">
<test id="s1-t1" name="TC1" line="5">
<kw name="Open Browser" owner="SeleniumLibrary">
<msg time="2025-03-07T12:47:47.993760" level="WARN">exexcutable_path is being deprecated. Please use service to configure the driver's executable_path as per documentation.</msg>
<msg time="2025-03-07T12:47:47.994433" level="INFO">Opening browser 'chrome' to base url 'https://letcode.in/'.</msg>
<arg>url=https://letcode.in/</arg>
<arg>browser=chrome</arg>
<arg>executable_path=DRIVERS/chromedriver.exe</arg>
<doc>Opens a new browser instance to the optional ``url``.</doc>
<status status="PASS" start="2025-03-07T12:47:47.993510" elapsed="4.755248"/>
</kw>
<kw name="Maximize Browser Window" owner="SeleniumLibrary">
<doc>Maximizes current browser window.</doc>
<status status="PASS" start="2025-03-07T12:47:52.750155" elapsed="0.053507"/>
</kw>
<kw name="Sleep" owner="BuiltIn">
<msg time="2025-03-07T12:48:02.804833" level="INFO">Slept 10 seconds.</msg>
<arg>10</arg>
<doc>Pauses the test executed for the given time.</doc>
<status status="PASS" start="2025-03-07T12:47:52.804174" elapsed="10.000788"/>
</kw>
<status status="PASS" start="2025-03-07T12:47:47.992561" elapsed="14.812949"/>
</test>
<status status="PASS" start="2025-03-07T12:47:47.775145" elapsed="15.031918"/>
</suite>
<statistics>
<total>
<stat pass="1" fail="0" skip="0">All Tests</stat>
</total>
<tag>
</tag>
<suite>
<stat name="demositeAutomation" id="s1" pass="1" fail="0" skip="0">demositeAutomation</stat>
</suite>
</statistics>
<errors>
<msg time="2025-03-07T12:47:47.993760" level="WARN">exexcutable_path is being deprecated. Please use service to configure the driver's executable_path as per documentation.</msg>
</errors>
</robot>
